Using pre-set license
Built from '2020.3/staging' branch; Version is '2020.3.6f1 (338bb68529b2) revision 3378102'; Using compiler version '192528614'; Build Type 'Release'
OS: 'Windows 10 Pro; OS build 19045.2604; Version 2009; 64bit' Language: 'ko' Physical Memory: 32668 MB
BatchMode: 1, IsHumanControllingUs: 0, StartBugReporterOnCrash: 0, Is64bit: 1, IsPro: 0

 COMMAND LINE ARGUMENTS:
C:\Program Files\Unity\Hub\Editor\2020.3.6f1\Editor\Unity.exe
-adb2
-batchMode
-noUpm
-name
AssetImportWorker0
-projectPath
D:/unity_game/tower defense - Copy
-logFile
Logs/AssetImportWorker0.log
-srvPort
54675
Successfully changed project path to: D:/unity_game/tower defense - Copy
D:/unity_game/tower defense - Copy
Using Asset Import Pipeline V2.
Refreshing native plugins compatible for Editor in 26.52 ms, found 0 plugins.
Preloading 0 native plugins for Editor in 0.00 ms.
Initialize engine version: 2020.3.6f1 (338bb68529b2)
[Subsystems] Discovering subsystems at path C:/Program Files/Unity/Hub/Editor/2020.3.6f1/Editor/Data/Resources/UnitySubsystems
[Subsystems] Discovering subsystems at path D:/unity_game/tower defense - Copy/Assets
GfxDevice: creating device client; threaded=0
Direct3D:
    Version:  Direct3D 11.0 [level 11.1]
    Renderer: Radeon (TM) RX 470 Graphics (ID=0x67df)
    Vendor:   
    VRAM:     8170 MB
    Driver:   31.0.12029.10015
Initialize mono
Mono path[0] = 'C:/Program Files/Unity/Hub/Editor/2020.3.6f1/Editor/Data/Managed'
Mono path[1] = 'C:/Program Files/Unity/Hub/Editor/2020.3.6f1/Editor/Data/MonoBleedingEdge/lib/mono/unityjit'
Mono config path = 'C:/Program Files/Unity/Hub/Editor/2020.3.6f1/Editor/Data/MonoBleedingEdge/etc'
Using monoOptions --debugger-agent=transport=dt_socket,embedding=1,server=y,suspend=n,address=127.0.0.1:56468
Begin MonoManager ReloadAssembly
Registering precompiled unity dll's ...
Register platform support module: C:/Program Files/Unity/Hub/Editor/2020.3.6f1/Editor/Data/PlaybackEngines/WebGLSupport/UnityEditor.WebGL.Extensions.dll
Register platform support module: C:/Program Files/Unity/Hub/Editor/2020.3.6f1/Editor/Data/PlaybackEngines/WindowsStandaloneSupport/UnityEditor.WindowsStandalone.Extensions.dll
Registered in 0.007888 seconds.
Native extension for WindowsStandalone target not found
Native extension for WebGL target not found
Refreshing native plugins compatible for Editor in 25.22 ms, found 0 plugins.
Preloading 0 native plugins for Editor in 0.00 ms.
Mono: successfully reloaded assembly
- Completed reload, in  1.854 seconds
Platform modules already initialized, skipping
Registering precompiled user dll's ...
Registered in 0.000820 seconds.
Begin MonoManager ReloadAssembly
Native extension for WindowsStandalone target not found
Native extension for WebGL target not found
Refreshing native plugins compatible for Editor in 0.28 ms, found 0 plugins.
Preloading 0 native plugins for Editor in 0.00 ms.
Mono: successfully reloaded assembly
- Completed reload, in  1.140 seconds
Platform modules already initialized, skipping
========================================================================
Worker process is ready to serve import requests
Launched and connected shader compiler UnityShaderCompiler.exe after 0.06 seconds
Refreshing native plugins compatible for Editor in 0.26 ms, found 0 plugins.
Preloading 0 native plugins for Editor in 0.00 ms.
Unloading 1139 Unused Serialized files (Serialized files now loaded: 0)
System memory in use before: 72.6 MB.
System memory in use after: 72.7 MB.

Unloading 10 unused Assets to reduce memory usage. Loaded Objects now: 1600.
Total: 1.813100 ms (FindLiveObjects: 0.138300 ms CreateObjectMapping: 0.042300 ms MarkObjects: 1.535300 ms  DeleteObjects: 0.096200 ms)

========================================================================
Received Import Request.
  path: Assets/Scenes/intro.unity
  artifactKey: Guid(cd9c590de9deb384c809802102439bd9) Importer(815301076,1909f56bfc062723c751e8b465ee728b)
Start importing Assets/Scenes/intro.unity using Guid(cd9c590de9deb384c809802102439bd9) Importer(815301076,1909f56bfc062723c751e8b465ee728b)  -> (artifact id: '7cd45602742aba39b1a6156c25b9e735') in 0.017121 seconds
  Import took 0.019822 seconds .

========================================================================
Received Import Request.
  Time since last request: 106.508019 seconds.
  path: Assets/AssetPacks/TextMesh Pro/Resources/Fonts & Materials/Branding Aliskaje SDF.asset
  artifactKey: Guid(405db519a1c4f8544a9622aeb4d5bf6f) Importer(815301076,1909f56bfc062723c751e8b465ee728b)
Start importing Assets/AssetPacks/TextMesh Pro/Resources/Fonts & Materials/Branding Aliskaje SDF.asset using Guid(405db519a1c4f8544a9622aeb4d5bf6f) Importer(815301076,1909f56bfc062723c751e8b465ee728b)  -> (artifact id: '7b032da934a5a3baf3906308358c9780') in 0.186717 seconds
  Import took 0.189320 seconds .

========================================================================
Received Import Request.
  Time since last request: 0.000948 seconds.
  path: Assets/AssetPacks/TextMesh Pro/Resources/Fonts & Materials/Branding Aliskaje SDF.asset
  artifactKey: Guid(405db519a1c4f8544a9622aeb4d5bf6f) Importer(815301076,1909f56bfc062723c751e8b465ee728b)
Start importing Assets/AssetPacks/TextMesh Pro/Resources/Fonts & Materials/Branding Aliskaje SDF.asset using Guid(405db519a1c4f8544a9622aeb4d5bf6f) Importer(815301076,1909f56bfc062723c751e8b465ee728b)  -> (artifact id: '7b032da934a5a3baf3906308358c9780') in 0.020679 seconds
  Import took 0.023343 seconds .

========================================================================
Received Prepare
Refreshing native plugins compatible for Editor in 1.05 ms, found 0 plugins.
Preloading 0 native plugins for Editor in 0.00 ms.
Unloading 3 Unused Serialized files (Serialized files now loaded: 0)
System memory in use before: 53.0 MB.
System memory in use after: 53.1 MB.

Unloading 3 unused Assets to reduce memory usage. Loaded Objects now: 1642.
Total: 2.457200 ms (FindLiveObjects: 0.170800 ms CreateObjectMapping: 0.037800 ms MarkObjects: 2.183200 ms  DeleteObjects: 0.064600 ms)

========================================================================
Received Prepare
Registering precompiled user dll's ...
Registered in 0.000873 seconds.
Begin MonoManager ReloadAssembly
Native extension for WindowsStandalone target not found
Native extension for WebGL target not found
Refreshing native plugins compatible for Editor in 0.27 ms, found 0 plugins.
Preloading 0 native plugins for Editor in 0.00 ms.
Mono: successfully reloaded assembly
- Completed reload, in  1.020 seconds
Platform modules already initialized, skipping
Refreshing native plugins compatible for Editor in 0.39 ms, found 0 plugins.
Preloading 0 native plugins for Editor in 0.00 ms.
Unloading 1121 Unused Serialized files (Serialized files now loaded: 0)
System memory in use before: 74.7 MB.
System memory in use after: 74.7 MB.

Unloading 5 unused Assets to reduce memory usage. Loaded Objects now: 1645.
Total: 1.949700 ms (FindLiveObjects: 0.222300 ms CreateObjectMapping: 0.055400 ms MarkObjects: 1.600300 ms  DeleteObjects: 0.070300 ms)

========================================================================
Received Prepare
Registering precompiled user dll's ...
Registered in 0.000853 seconds.
Begin MonoManager ReloadAssembly
Native extension for WindowsStandalone target not found
Native extension for WebGL target not found
Refreshing native plugins compatible for Editor in 0.28 ms, found 0 plugins.
Preloading 0 native plugins for Editor in 0.00 ms.
Mono: successfully reloaded assembly
- Completed reload, in  1.034 seconds
Platform modules already initialized, skipping
Refreshing native plugins compatible for Editor in 0.55 ms, found 0 plugins.
Preloading 0 native plugins for Editor in 0.00 ms.
Unloading 1122 Unused Serialized files (Serialized files now loaded: 0)
System memory in use before: 74.7 MB.
System memory in use after: 74.8 MB.

Unloading 5 unused Assets to reduce memory usage. Loaded Objects now: 1649.
Total: 3.426000 ms (FindLiveObjects: 0.236200 ms CreateObjectMapping: 0.064400 ms MarkObjects: 3.013300 ms  DeleteObjects: 0.110100 ms)

========================================================================
Received Import Request.
  Time since last request: 351.547647 seconds.
  path: Assets/GameManager.cs
  artifactKey: Guid(469f99a6bdf68c24e9cae52deb197b61) Importer(815301076,1909f56bfc062723c751e8b465ee728b)
Start importing Assets/GameManager.cs using Guid(469f99a6bdf68c24e9cae52deb197b61) Importer(815301076,1909f56bfc062723c751e8b465ee728b)  -> (artifact id: '1b3838288a76e1f5ec7ebdceccaab574') in 0.014302 seconds
  Import took 0.016991 seconds .

========================================================================
Received Prepare
Registering precompiled user dll's ...
Registered in 0.001336 seconds.
Begin MonoManager ReloadAssembly
Native extension for WindowsStandalone target not found
Native extension for WebGL target not found
Refreshing native plugins compatible for Editor in 0.29 ms, found 0 plugins.
Preloading 0 native plugins for Editor in 0.00 ms.
Mono: successfully reloaded assembly
- Completed reload, in  1.003 seconds
Platform modules already initialized, skipping
Refreshing native plugins compatible for Editor in 0.27 ms, found 0 plugins.
Preloading 0 native plugins for Editor in 0.00 ms.
Unloading 1122 Unused Serialized files (Serialized files now loaded: 0)
System memory in use before: 74.7 MB.
System memory in use after: 74.8 MB.

Unloading 5 unused Assets to reduce memory usage. Loaded Objects now: 1652.
Total: 2.615300 ms (FindLiveObjects: 0.248300 ms CreateObjectMapping: 0.061100 ms MarkObjects: 2.218100 ms  DeleteObjects: 0.086300 ms)

========================================================================
Received Import Request.
  Time since last request: 164.337820 seconds.
  path: Assets/GameManager.cs
  artifactKey: Guid(469f99a6bdf68c24e9cae52deb197b61) Importer(815301076,1909f56bfc062723c751e8b465ee728b)
Start importing Assets/GameManager.cs using Guid(469f99a6bdf68c24e9cae52deb197b61) Importer(815301076,1909f56bfc062723c751e8b465ee728b)  -> (artifact id: 'cd84402400eedbb6ab111d816d710b30') in 0.006123 seconds
  Import took 0.008598 seconds .

AssetImportWorkerClient::OnTransportError - code=2 error=End of file
